<?xml version="1.0" encoding="utf-8"?><testsuite errors="0" failures="0" name="pytest" skips="0" tests="3" time="0.297"><testcase classname="test_main" file="test_main.py" line="20" name="test_get_temperature_by_lat_lng[-14.235004--51.92528-16-62]" time="0.0052416324615478516"></testcase><testcase classname="test_main" file="test_main.py" line="20" name="test_get_temperature_by_lat_lng[-22.970722--43.182365-0-32]" time="0.0030014514923095703"></testcase><testcase classname="test_main" file="test_main.py" line="20" name="test_get_temperature_by_lat_lng[39.3998718--8.2244539-30-86]" time="0.0049932003021240234"></testcase></testsuite>